  [1m[35m (324.8ms)[0m  [1m[35mCREATE DATABASE "covid19_tracker_development" ENCODING = 'unicode'[0m
  [1m[35m (260.0ms)[0m  [1m[35mCREATE DATABASE "covid19_tracker_test" ENCODING = 'unicode'[0m
Started GET "/" for ::1 at 2020-05-06 19:23:44 -0400
Processing by StaticController#home as HTML
Completed 200 OK in 8ms (Views: 0.7ms | ActiveRecord: 0.0ms | Allocations: 381)


  [1m[35m (6.2ms)[0m  [1m[35mCREATE TABLE "schema_migrations" ("version" character varying NOT NULL PRIMARY KEY)[0m
  [1m[35m (3.0ms)[0m  [1m[35mCREATE TABLE "ar_internal_metadata" ("key" character varying NOT NULL PRIMARY KEY, "value" character varying, "created_at" timestamp(6) NOT NULL, "updated_at" timestamp(6) NOT NULL)[0m
  [1m[35m (0.2ms)[0m  [1m[34mSELECT pg_try_advisory_lock(1594507395825669885)[0m
  [1m[35m (0.5ms)[0m  [1m[34mSELECT "schema_migrations"."version" FROM "schema_migrations" ORDER BY "schema_migrations"."version" ASC[0m
Migrating to CreateUsers (20200506233206)
  [1m[35m (0.1ms)[0m  [1m[35mBEGIN[0m
  [1m[35m (3.9ms)[0m  [1m[35mCREATE TABLE "users" ("id" bigserial primary key, "first_name" character varying, "last_name" character varying, "email" character varying, "phone" character varying, "password_digest" character varying, "created_at" timestamp(6) NOT NULL, "updated_at" timestamp(6) NOT NULL)[0m
  [1m[36mprimary::SchemaMigration Create (0.4ms)[0m  [1m[32mINSERT INTO "schema_migrations" ("version") VALUES ($1) RETURNING "version"[0m  [["version", "20200506233206"]]
  [1m[35m (0.4ms)[0m  [1m[35mCOMMIT[0m
  [1m[36mActiveRecord::InternalMetadata Load (0.3ms)[0m  [1m[34mSELECT "ar_internal_metadata".* FROM "ar_internal_metadata" WHERE "ar_internal_metadata"."key" = $1 LIMIT $2[0m  [["key", "environment"], ["LIMIT", 1]]
  [1m[35m (0.1ms)[0m  [1m[35mBEGIN[0m
  [1m[36mActiveRecord::InternalMetadata Create (0.4ms)[0m  [1m[32mINSERT INTO "ar_internal_metadata" ("key", "value", "created_at", "updated_at") VALUES ($1, $2, $3, $4) RETURNING "key"[0m  [["key", "environment"], ["value", "development"], ["created_at", "2020-05-06 23:41:51.814807"], ["updated_at", "2020-05-06 23:41:51.814807"]]
  [1m[35m (0.3ms)[0m  [1m[35mCOMMIT[0m
  [1m[35m (0.2ms)[0m  [1m[34mSELECT pg_advisory_unlock(1594507395825669885)[0m
  [1m[35m (0.7ms)[0m  [1m[34mSELECT "schema_migrations"."version" FROM "schema_migrations" ORDER BY "schema_migrations"."version" ASC[0m
  [1m[36mUser Load (0.4ms)[0m  [1m[34mSELECT "users".* FROM "users" LIMIT $1[0m  [["LIMIT", 11]]
  [1m[35m (0.1ms)[0m  [1m[35mBEGIN[0m
  [1m[36mUser Exists? (0.5ms)[0m  [1m[34mSELECT 1 AS one FROM "users" WHERE "users"."email" = $1 LIMIT $2[0m  [["email", "scott@gmail.com"], ["LIMIT", 1]]
  [1m[36mUser Create (0.5ms)[0m  [1m[32mINSERT INTO "users" ("first_name", "last_name", "email", "phone", "password_digest", "created_at", "updated_at") VALUES ($1, $2, $3, $4, $5, $6, $7) RETURNING "id"[0m  [["first_name", "scott"], ["last_name", "smith"], ["email", "scott@gmail.com"], ["phone", "617-721-2343"], ["password_digest", "$2a$12$jtewlib0OaggHmkvlfFIDuBlWNeBnrjf0KOiDywc7dc1iCcS95uC2"], ["created_at", "2020-05-06 23:56:00.284780"], ["updated_at", "2020-05-06 23:56:00.284780"]]
  [1m[35m (0.7ms)[0m  [1m[35mCOMMIT[0m
  [1m[36mUser Load (0.4ms)[0m  [1m[34mSELECT "users".* FROM "users" ORDER BY "users"."id" DESC LIMIT $1[0m  [["LIMIT", 1]]
Started POST "/sessions" for ::1 at 2020-05-06 22:31:36 -0400
  [1m[35m (0.9ms)[0m  [1m[34mSELECT "schema_migrations"."version" FROM "schema_migrations" ORDER BY "schema_migrations"."version" ASC[0m
Processing by SessionsController#create as */*
  Parameters: {"user"=>{"email"=>"scott@gmail.com", "password"=>"[FILTERED]"}, "session"=>{"user"=>{"email"=>"scott@gmail.com", "password"=>"[FILTERED]"}}}
  [1m[36mUser Load (0.3ms)[0m  [1m[34mSELECT "users".* FROM "users" WHERE "users"."email" = $1 LIMIT $2[0m  [["email", "scott@gmail.com"], ["LIMIT", 1]]
  ↳ app/controllers/sessions_controller.rb:5:in `create'
Completed 500 Internal Server Error in 375ms (ActiveRecord: 4.3ms | Allocations: 104247)


  
NameError (undefined local variable or method `created' for #<SessionsController:0x00007fb36e925440>
Did you mean?  create):
  
app/controllers/sessions_controller.rb:13:in `create'
Started POST "/sessions" for ::1 at 2020-05-06 22:32:08 -0400
Processing by SessionsController#create as */*
  Parameters: {"user"=>{"email"=>"scott@gmail.com", "password"=>"[FILTERED]"}, "session"=>{"user"=>{"email"=>"scott@gmail.com", "password"=>"[FILTERED]"}}}
  [1m[36mUser Load (0.4ms)[0m  [1m[34mSELECT "users".* FROM "users" WHERE "users"."email" = $1 LIMIT $2[0m  [["email", "scott@gmail.com"], ["LIMIT", 1]]
  ↳ app/controllers/sessions_controller.rb:5:in `create'
Completed 500 Internal Server Error in 325ms (ActiveRecord: 0.4ms | Allocations: 97805)


  
NameError (undefined local variable or method `created' for #<SessionsController:0x00007fb33e9b5ae8>
Did you mean?  create):
  
app/controllers/sessions_controller.rb:13:in `create'
Started POST "/sessions" for ::1 at 2020-05-06 22:32:49 -0400
Processing by SessionsController#create as */*
  Parameters: {"user"=>{"email"=>"scott@gmail.com", "password"=>"[FILTERED]"}, "session"=>{"user"=>{"email"=>"scott@gmail.com", "password"=>"[FILTERED]"}}}
  [1m[36mUser Load (0.3ms)[0m  [1m[34mSELECT "users".* FROM "users" WHERE "users"."email" = $1 LIMIT $2[0m  [["email", "scott@gmail.com"], ["LIMIT", 1]]
  ↳ app/controllers/sessions_controller.rb:5:in `create'
Completed 500 Internal Server Error in 315ms (ActiveRecord: 0.3ms | Allocations: 97442)


  
NameError (undefined local variable or method `created' for #<SessionsController:0x00007fb33eb52c48>
Did you mean?  create):
  
app/controllers/sessions_controller.rb:13:in `create'
Started POST "/sessions" for ::1 at 2020-05-06 22:34:29 -0400
  [1m[35m (0.9ms)[0m  [1m[34mSELECT "schema_migrations"."version" FROM "schema_migrations" ORDER BY "schema_migrations"."version" ASC[0m
Processing by SessionsController#create as */*
  Parameters: {"user"=>{"email"=>"scott@gmail.com", "password"=>"[FILTERED]"}, "session"=>{"user"=>{"email"=>"scott@gmail.com", "password"=>"[FILTERED]"}}}
  [1m[36mUser Load (0.4ms)[0m  [1m[34mSELECT "users".* FROM "users" WHERE "users"."email" = $1 LIMIT $2[0m  [["email", "scott@gmail.com"], ["LIMIT", 1]]
  ↳ app/controllers/sessions_controller.rb:5:in `create'
Completed 200 OK in 222ms (Views: 0.9ms | ActiveRecord: 5.1ms | Allocations: 7956)


Started GET "/" for ::1 at 2020-05-07 11:01:48 -0400
  [1m[35m (2.7ms)[0m  [1m[34mSELECT "schema_migrations"."version" FROM "schema_migrations" ORDER BY "schema_migrations"."version" ASC[0m
Processing by StaticController#home as HTML
Completed 200 OK in 7ms (Views: 0.2ms | ActiveRecord: 0.0ms | Allocations: 354)


Started GET "/" for ::1 at 2020-05-07 18:36:21 -0400
  [1m[35m (1.7ms)[0m  [1m[34mSELECT "schema_migrations"."version" FROM "schema_migrations" ORDER BY "schema_migrations"."version" ASC[0m
Processing by StaticController#home as HTML
Completed 200 OK in 8ms (Views: 0.8ms | ActiveRecord: 0.0ms | Allocations: 354)


Started POST "/registrations" for ::1 at 2020-05-07 21:42:37 -0400
Processing by RegistrationsController#create as HTML
  Parameters: {"user"=>{"email"=>"kaeneman@bu.edu", "password"=>"[FILTERED]", "password_confirmation"=>"[FILTERED]"}, "registration"=>{"user"=>{"email"=>"kaeneman@bu.edu", "password"=>"[FILTERED]", "password_confirmation"=>"[FILTERED]"}}}
  [1m[35m (0.2ms)[0m  [1m[35mBEGIN[0m
  ↳ app/controllers/registrations_controller.rb:4:in `create'
  [1m[36mUser Exists? (4.0ms)[0m  [1m[34mSELECT 1 AS one FROM "users" WHERE "users"."email" = $1 LIMIT $2[0m  [["email", "kaeneman@bu.edu"], ["LIMIT", 1]]
  ↳ app/controllers/registrations_controller.rb:4:in `create'
  [1m[35m (0.2ms)[0m  [1m[31mROLLBACK[0m
  ↳ app/controllers/registrations_controller.rb:4:in `create'
Completed 422 Unprocessable Entity in 238ms (ActiveRecord: 18.1ms | Allocations: 14437)


  
ActiveRecord::RecordInvalid (Validation failed: First name can't be blank, Last name can't be blank):
  
app/controllers/registrations_controller.rb:4:in `create'
Started POST "/registrations" for ::1 at 2020-05-07 21:46:09 -0400
Processing by RegistrationsController#create as HTML
  Parameters: {"user"=>{"email"=>"kasseneman@bu.edu", "password"=>"[FILTERED]", "password_confirmation"=>"[FILTERED]"}, "registration"=>{"user"=>{"email"=>"kasseneman@bu.edu", "password"=>"[FILTERED]", "password_confirmation"=>"[FILTERED]"}}}
  [1m[35m (0.2ms)[0m  [1m[35mBEGIN[0m
  ↳ app/controllers/registrations_controller.rb:4:in `create'
  [1m[36mUser Exists? (0.2ms)[0m  [1m[34mSELECT 1 AS one FROM "users" WHERE "users"."email" = $1 LIMIT $2[0m  [["email", "kasseneman@bu.edu"], ["LIMIT", 1]]
  ↳ app/controllers/registrations_controller.rb:4:in `create'
  [1m[35m (0.1ms)[0m  [1m[31mROLLBACK[0m
  ↳ app/controllers/registrations_controller.rb:4:in `create'
Completed 422 Unprocessable Entity in 201ms (ActiveRecord: 0.5ms | Allocations: 4431)


  
ActiveRecord::RecordInvalid (Validation failed: First name can't be blank, Last name can't be blank):
  
app/controllers/registrations_controller.rb:4:in `create'
Started POST "/registrations" for ::1 at 2020-05-07 21:46:35 -0400
Processing by RegistrationsController#create as HTML
  Parameters: {"user"=>{"email"=>"skaeneman@yahoo.com", "password"=>"[FILTERED]", "password_confirmation"=>"[FILTERED]"}, "registration"=>{"user"=>{"email"=>"skaeneman@yahoo.com", "password"=>"[FILTERED]", "password_confirmation"=>"[FILTERED]"}}}
  [1m[35m (0.1ms)[0m  [1m[35mBEGIN[0m
  ↳ app/controllers/registrations_controller.rb:4:in `create'
  [1m[36mUser Exists? (0.2ms)[0m  [1m[34mSELECT 1 AS one FROM "users" WHERE "users"."email" = $1 LIMIT $2[0m  [["email", "skaeneman@yahoo.com"], ["LIMIT", 1]]
  ↳ app/controllers/registrations_controller.rb:4:in `create'
  [1m[35m (0.1ms)[0m  [1m[31mROLLBACK[0m
  ↳ app/controllers/registrations_controller.rb:4:in `create'
Completed 422 Unprocessable Entity in 197ms (ActiveRecord: 0.4ms | Allocations: 4352)


  
ActiveRecord::RecordInvalid (Validation failed: First name can't be blank, Last name can't be blank):
  
app/controllers/registrations_controller.rb:4:in `create'
Started POST "/registrations" for ::1 at 2020-05-07 21:54:46 -0400
Processing by RegistrationsController#create as HTML
  Parameters: {"user"=>{"first_name"=>"scott", "last_name"=>"kaeneman", "email"=>"kaeneman@bu.edu", "phone"=>"6172347865", "password"=>"[FILTERED]", "password_confirmation"=>"[FILTERED]"}, "registration"=>{"user"=>{"first_name"=>"scott", "last_name"=>"kaeneman", "email"=>"kaeneman@bu.edu", "phone"=>"6172347865", "password"=>"[FILTERED]", "password_confirmation"=>"[FILTERED]"}}}
  [1m[35m (0.3ms)[0m  [1m[35mBEGIN[0m
  ↳ app/controllers/registrations_controller.rb:4:in `create'
  [1m[36mUser Exists? (0.8ms)[0m  [1m[34mSELECT 1 AS one FROM "users" WHERE "users"."email" = $1 LIMIT $2[0m  [["email", "kaeneman@bu.edu"], ["LIMIT", 1]]
  ↳ app/controllers/registrations_controller.rb:4:in `create'
  [1m[36mUser Create (5.0ms)[0m  [1m[32mINSERT INTO "users" ("first_name", "last_name", "email", "phone", "password_digest", "created_at", "updated_at") VALUES ($1, $2, $3, $4, $5, $6, $7) RETURNING "id"[0m  [["first_name", "scott"], ["last_name", "kaeneman"], ["email", "kaeneman@bu.edu"], ["phone", "6172347865"], ["password_digest", "$2a$12$wliCRW32YqjMvUKxDSfU3u1Fyt566NagiwYtIXzpHlg77jJHVQODu"], ["created_at", "2020-05-08 01:54:46.740052"], ["updated_at", "2020-05-08 01:54:46.740052"]]
  ↳ app/controllers/registrations_controller.rb:4:in `create'
  [1m[35m (0.5ms)[0m  [1m[35mCOMMIT[0m
  ↳ app/controllers/registrations_controller.rb:4:in `create'
Completed 200 OK in 201ms (Views: 0.3ms | ActiveRecord: 6.6ms | Allocations: 4211)


Started POST "/registrations" for ::1 at 2020-05-07 21:59:42 -0400
Processing by RegistrationsController#create as HTML
  Parameters: {"user"=>{"first_name"=>"scott", "last_name"=>"kaeneman", "email"=>"kaeneman@bu.edu", "phone"=>"6172347865", "password"=>"[FILTERED]", "password_confirmation"=>"[FILTERED]"}, "registration"=>{"user"=>{"first_name"=>"scott", "last_name"=>"kaeneman", "email"=>"kaeneman@bu.edu", "phone"=>"6172347865", "password"=>"[FILTERED]", "password_confirmation"=>"[FILTERED]"}}}
  [1m[35m (0.1ms)[0m  [1m[35mBEGIN[0m
  ↳ app/controllers/registrations_controller.rb:4:in `create'
  [1m[36mUser Exists? (0.2ms)[0m  [1m[34mSELECT 1 AS one FROM "users" WHERE "users"."email" = $1 LIMIT $2[0m  [["email", "kaeneman@bu.edu"], ["LIMIT", 1]]
  ↳ app/controllers/registrations_controller.rb:4:in `create'
  [1m[35m (0.1ms)[0m  [1m[31mROLLBACK[0m
  ↳ app/controllers/registrations_controller.rb:4:in `create'
Completed 422 Unprocessable Entity in 205ms (ActiveRecord: 0.5ms | Allocations: 4051)


  
ActiveRecord::RecordInvalid (Validation failed: Email has already been taken):
  
app/controllers/registrations_controller.rb:4:in `create'
Started POST "/registrations" for ::1 at 2020-05-07 22:10:00 -0400
Processing by RegistrationsController#create as HTML
  Parameters: {"user"=>{"first_name"=>"scott", "last_name"=>"kaeneman", "email"=>"skaeneman@yahoo.com", "phone"=>"6176814220", "password"=>"[FILTERED]", "password_confirmation"=>"[FILTERED]"}, "registration"=>{"user"=>{"first_name"=>"scott", "last_name"=>"kaeneman", "email"=>"skaeneman@yahoo.com", "phone"=>"6176814220", "password"=>"[FILTERED]", "password_confirmation"=>"[FILTERED]"}}}
  [1m[35m (0.2ms)[0m  [1m[35mBEGIN[0m
  ↳ app/controllers/registrations_controller.rb:4:in `create'
  [1m[36mUser Exists? (0.8ms)[0m  [1m[34mSELECT 1 AS one FROM "users" WHERE "users"."email" = $1 LIMIT $2[0m  [["email", "skaeneman@yahoo.com"], ["LIMIT", 1]]
  ↳ app/controllers/registrations_controller.rb:4:in `create'
  [1m[35m (0.1ms)[0m  [1m[31mROLLBACK[0m
  ↳ app/controllers/registrations_controller.rb:4:in `create'
Completed 422 Unprocessable Entity in 197ms (ActiveRecord: 1.0ms | Allocations: 4174)


  
ActiveRecord::RecordInvalid (Validation failed: Password confirmation doesn't match Password):
  
app/controllers/registrations_controller.rb:4:in `create'
Started POST "/registrations" for ::1 at 2020-05-07 22:38:07 -0400
Processing by RegistrationsController#create as HTML
  Parameters: {"user"=>{"first_name"=>"test", "last_name"=>"smith", "email"=>"test@test.com", "phone"=>"61765278545", "password"=>"[FILTERED]", "password_confirmation"=>"[FILTERED]"}, "registration"=>{"user"=>{"first_name"=>"test", "last_name"=>"smith", "email"=>"test@test.com", "phone"=>"61765278545", "password"=>"[FILTERED]", "password_confirmation"=>"[FILTERED]"}}}
  [1m[35m (0.3ms)[0m  [1m[35mBEGIN[0m
  ↳ app/controllers/registrations_controller.rb:4:in `create'
  [1m[36mUser Exists? (0.8ms)[0m  [1m[34mSELECT 1 AS one FROM "users" WHERE "users"."email" = $1 LIMIT $2[0m  [["email", "test@test.com"], ["LIMIT", 1]]
  ↳ app/controllers/registrations_controller.rb:4:in `create'
  [1m[36mUser Create (0.4ms)[0m  [1m[32mINSERT INTO "users" ("first_name", "last_name", "email", "phone", "password_digest", "created_at", "updated_at") VALUES ($1, $2, $3, $4, $5, $6, $7) RETURNING "id"[0m  [["first_name", "test"], ["last_name", "smith"], ["email", "test@test.com"], ["phone", "61765278545"], ["password_digest", "$2a$12$pt3LzADBBcNI.wvNfBRCBOyRn/iySxvto7eola2OXmqpx5Mxmfg.O"], ["created_at", "2020-05-08 02:38:07.994585"], ["updated_at", "2020-05-08 02:38:07.994585"]]
  ↳ app/controllers/registrations_controller.rb:4:in `create'
  [1m[35m (0.4ms)[0m  [1m[35mCOMMIT[0m
  ↳ app/controllers/registrations_controller.rb:4:in `create'
Completed 200 OK in 198ms (Views: 0.3ms | ActiveRecord: 2.0ms | Allocations: 4179)


Started POST "/registrations" for ::1 at 2020-05-07 22:38:17 -0400
Processing by RegistrationsController#create as HTML
  Parameters: {"user"=>{"first_name"=>"test", "last_name"=>"smith", "email"=>"test@test.com", "phone"=>"61765278545", "password"=>"[FILTERED]", "password_confirmation"=>"[FILTERED]"}, "registration"=>{"user"=>{"first_name"=>"test", "last_name"=>"smith", "email"=>"test@test.com", "phone"=>"61765278545", "password"=>"[FILTERED]", "password_confirmation"=>"[FILTERED]"}}}
  [1m[35m (0.2ms)[0m  [1m[35mBEGIN[0m
  ↳ app/controllers/registrations_controller.rb:4:in `create'
  [1m[36mUser Exists? (0.3ms)[0m  [1m[34mSELECT 1 AS one FROM "users" WHERE "users"."email" = $1 LIMIT $2[0m  [["email", "test@test.com"], ["LIMIT", 1]]
  ↳ app/controllers/registrations_controller.rb:4:in `create'
  [1m[35m (0.1ms)[0m  [1m[31mROLLBACK[0m
  ↳ app/controllers/registrations_controller.rb:4:in `create'
Completed 422 Unprocessable Entity in 195ms (ActiveRecord: 0.6ms | Allocations: 3950)


  
ActiveRecord::RecordInvalid (Validation failed: Email has already been taken):
  
app/controllers/registrations_controller.rb:4:in `create'
